Start testing: Jun 04 22:09 MSK
----------------------------------------------------------
1/1 Testing: baseex_core
1/1 Test: baseex_core
Command: "/Users/evgenijtinkaluk/github/baseex/.build1/bin/baseex_core_test" "--gtest_output=xml:baseex_core_test.xml}"
Directory: /Users/evgenijtinkaluk/github/baseex/.build1/core
"baseex_core" start time: Jun 04 22:09 MSK
Output:
----------------------------------------------------------
Running main() from gtest_main.cc
[==========] Running 179 tests from 15 test cases.
[----------] Global test environment set-up.
[----------] 33 tests from CFileName_test
[ RUN      ] CFileName_test.GetName_only
[       OK ] CFileName_test.GetName_only (0 ms)
[ RUN      ] CFileName_test.GetExtension_exist
[       OK ] CFileName_test.GetExtension_exist (0 ms)
[ RUN      ] CFileName_test.GetExtension_non
[       OK ] CFileName_test.GetExtension_non (0 ms)
[ RUN      ] CFileName_test.GetFileName
[       OK ] CFileName_test.GetFileName (0 ms)
[ RUN      ] CFileName_test.GetFileName_with_path_win
[       OK ] CFileName_test.GetFileName_with_path_win (0 ms)
[ RUN      ] CFileName_test.GetFileName_with_path_linux
[       OK ] CFileName_test.GetFileName_with_path_linux (0 ms)
[ RUN      ] CFileName_test.GetFileName_with_path_mix_1
[       OK ] CFileName_test.GetFileName_with_path_mix_1 (0 ms)
[ RUN      ] CFileName_test.GetFileName_with_path_mix_2
[       OK ] CFileName_test.GetFileName_with_path_mix_2 (0 ms)
[ RUN      ] CFileName_test.GetPath
[       OK ] CFileName_test.GetPath (0 ms)
[ RUN      ] CFileName_test.GetPath_with_path_win
[       OK ] CFileName_test.GetPath_with_path_win (0 ms)
[ RUN      ] CFileName_test.GetPath_with_path_linux
[       OK ] CFileName_test.GetPath_with_path_linux (0 ms)
[ RUN      ] CFileName_test.GetPath_with_path_mix_1
[       OK ] CFileName_test.GetPath_with_path_mix_1 (0 ms)
[ RUN      ] CFileName_test.GetPath_with_path_mix_2
[       OK ] CFileName_test.GetPath_with_path_mix_2 (0 ms)
[ RUN      ] CFileName_test.GetFullFileName_only_name
[       OK ] CFileName_test.GetFullFileName_only_name (0 ms)
[ RUN      ] CFileName_test.GetFullFileName_full_one_1
[       OK ] CFileName_test.GetFullFileName_full_one_1 (0 ms)
[ RUN      ] CFileName_test.GetFullFileName_full_one_2
[       OK ] CFileName_test.GetFullFileName_full_one_2 (0 ms)
[ RUN      ] CFileName_test.GetFullFileName_full_win
[       OK ] CFileName_test.GetFullFileName_full_win (0 ms)
[ RUN      ] CFileName_test.GetFullFileName_full_linux
[       OK ] CFileName_test.GetFullFileName_full_linux (0 ms)
[ RUN      ] CFileName_test.GetFullFileName_full_mix
[       OK ] CFileName_test.GetFullFileName_full_mix (0 ms)
[ RUN      ] CFileName_test.GetFullFileName_excess_sep1
[       OK ] CFileName_test.GetFullFileName_excess_sep1 (0 ms)
[ RUN      ] CFileName_test.GetFullFileName_excess_sep2
[       OK ] CFileName_test.GetFullFileName_excess_sep2 (0 ms)
[ RUN      ] CFileName_test.GetFullFileName_excess_sep3
[       OK ] CFileName_test.GetFullFileName_excess_sep3 (0 ms)
[ RUN      ] CFileName_test.GetFullFileName_excess_sep4
[       OK ] CFileName_test.GetFullFileName_excess_sep4 (0 ms)
[ RUN      ] CFileName_test.AddPath1
[       OK ] CFileName_test.AddPath1 (0 ms)
[ RUN      ] CFileName_test.AddPath2
[       OK ] CFileName_test.AddPath2 (0 ms)
[ RUN      ] CFileName_test.AddPath3
[       OK ] CFileName_test.AddPath3 (0 ms)
[ RUN      ] CFileName_test.AddPath4
[       OK ] CFileName_test.AddPath4 (0 ms)
[ RUN      ] CFileName_test.AddPath5
[       OK ] CFileName_test.AddPath5 (0 ms)
[ RUN      ] CFileName_test.AddPath6
[       OK ] CFileName_test.AddPath6 (0 ms)
[ RUN      ] CFileName_test.AddPath_only_path
[       OK ] CFileName_test.AddPath_only_path (0 ms)
[ RUN      ] CFileName_test.AddFileName1
[       OK ] CFileName_test.AddFileName1 (0 ms)
[ RUN      ] CFileName_test.AddFileName2
[       OK ] CFileName_test.AddFileName2 (0 ms)
[ RUN      ] CFileName_test.AddFileName3
[       OK ] CFileName_test.AddFileName3 (0 ms)
[----------] 33 tests from CFileName_test (0 ms total)

[----------] 13 tests from CIteratorBase_test
[ RUN      ] CIteratorBase_test.empty_source_1
[       OK ] CIteratorBase_test.empty_source_1 (0 ms)
[ RUN      ] CIteratorBase_test.empty_source_2
[       OK ] CIteratorBase_test.empty_source_2 (0 ms)
[ RUN      ] CIteratorBase_test.empty_source_3
[       OK ] CIteratorBase_test.empty_source_3 (0 ms)
[ RUN      ] CIteratorBase_test.start_delims
[       OK ] CIteratorBase_test.start_delims (0 ms)
[ RUN      ] CIteratorBase_test.start_delims_2
[       OK ] CIteratorBase_test.start_delims_2 (0 ms)
[ RUN      ] CIteratorBase_test.start_delims_3
[       OK ] CIteratorBase_test.start_delims_3 (0 ms)
[ RUN      ] CIteratorBase_test.end_delims_3
[       OK ] CIteratorBase_test.end_delims_3 (0 ms)
[ RUN      ] CIteratorBase_test.one_symbol
[       OK ] CIteratorBase_test.one_symbol (0 ms)
[ RUN      ] CIteratorBase_test.many_symbols_1
[       OK ] CIteratorBase_test.many_symbols_1 (0 ms)
[ RUN      ] CIteratorBase_test.start_delim_many_symbols
[       OK ] CIteratorBase_test.start_delim_many_symbols (0 ms)
[ RUN      ] CIteratorBase_test.start_end_delim_many_symbols
[       OK ] CIteratorBase_test.start_end_delim_many_symbols (0 ms)
[ RUN      ] CIteratorBase_test.start_delim_many_symbols_1
[       OK ] CIteratorBase_test.start_delim_many_symbols_1 (0 ms)
[ RUN      ] CIteratorBase_test.start_end_delim_many_symbols_1
[       OK ] CIteratorBase_test.start_end_delim_many_symbols_1 (0 ms)
[----------] 13 tests from CIteratorBase_test (0 ms total)

[----------] 13 tests from CPathName_test
[ RUN      ] CPathName_test.ToString
[       OK ] CPathName_test.ToString (0 ms)
[ RUN      ] CPathName_test.Ctor1
[       OK ] CPathName_test.Ctor1 (0 ms)
[ RUN      ] CPathName_test.Ctor2
[       OK ] CPathName_test.Ctor2 (0 ms)
[ RUN      ] CPathName_test.Ctor3
[       OK ] CPathName_test.Ctor3 (0 ms)
[ RUN      ] CPathName_test.Ctor4
[       OK ] CPathName_test.Ctor4 (0 ms)
[ RUN      ] CPathName_test.Ctor5
[       OK ] CPathName_test.Ctor5 (0 ms)
[ RUN      ] CPathName_test.AddPath1
[       OK ] CPathName_test.AddPath1 (0 ms)
[ RUN      ] CPathName_test.AddPath2
[       OK ] CPathName_test.AddPath2 (0 ms)
[ RUN      ] CPathName_test.AddPath_exclude_sep_1
[       OK ] CPathName_test.AddPath_exclude_sep_1 (0 ms)
[ RUN      ] CPathName_test.AddPath_exclude_sep_2
[       OK ] CPathName_test.AddPath_exclude_sep_2 (0 ms)
[ RUN      ] CPathName_test.AddPath_exclude_sep_3
[       OK ] CPathName_test.AddPath_exclude_sep_3 (0 ms)
[ RUN      ] CPathName_test.AddPath_exclude_sep_4
[       OK ] CPathName_test.AddPath_exclude_sep_4 (0 ms)
[ RUN      ] CPathName_test.AddPath_type_path
[       OK ] CPathName_test.AddPath_type_path (0 ms)
[----------] 13 tests from CPathName_test (0 ms total)

[----------] 31 tests from CIteratorStream_testEx
[ RUN      ] CIteratorStream_testEx.next_empty_source
[       OK ] CIteratorStream_testEx.next_empty_source (0 ms)
[ RUN      ] CIteratorStream_testEx.next_non_empty_source
[       OK ] CIteratorStream_testEx.next_non_empty_source (0 ms)
[ RUN      ] CIteratorStream_testEx.next_size_elements_1
[       OK ] CIteratorStream_testEx.next_size_elements_1 (0 ms)
[ RUN      ] CIteratorStream_testEx.next_size_elements_2
[       OK ] CIteratorStream_testEx.next_size_elements_2 (0 ms)
[ RUN      ] CIteratorStream_testEx.next_rewind
[       OK ] CIteratorStream_testEx.next_rewind (0 ms)
[ RUN      ] CIteratorStream_testEx.next_some_elements
[       OK ] CIteratorStream_testEx.next_some_elements (0 ms)
[ RUN      ] CIteratorStream_testEx.throw_invalid_position
[       OK ] CIteratorStream_testEx.throw_invalid_position (0 ms)
[ RUN      ] CIteratorStream_testEx.next_throw_out_of_range
[       OK ] CIteratorStream_testEx.next_throw_out_of_range (0 ms)
[ RUN      ] CIteratorStream_testEx.prev_empty_source
[       OK ] CIteratorStream_testEx.prev_empty_source (0 ms)
[ RUN      ] CIteratorStream_testEx.prev_non_empty_source
[       OK ] CIteratorStream_testEx.prev_non_empty_source (0 ms)
[ RUN      ] CIteratorStream_testEx.prev_size_elements_1
[       OK ] CIteratorStream_testEx.prev_size_elements_1 (0 ms)
[ RUN      ] CIteratorStream_testEx.prev_size_elements_2
[       OK ] CIteratorStream_testEx.prev_size_elements_2 (0 ms)
[ RUN      ] CIteratorStream_testEx.prev_rewind
[       OK ] CIteratorStream_testEx.prev_rewind (0 ms)
[ RUN      ] CIteratorStream_testEx.prev_some_elements
[       OK ] CIteratorStream_testEx.prev_some_elements (0 ms)
[ RUN      ] CIteratorStream_testEx.prev_throw_out_of_range
[       OK ] CIteratorStream_testEx.prev_throw_out_of_range (0 ms)
[ RUN      ] CIteratorStream_testEx.read_stream_toend_iterator_start
[       OK ] CIteratorStream_testEx.read_stream_toend_iterator_start (0 ms)
[ RUN      ] CIteratorStream_testEx.read_stream_toend_iterator_end
[       OK ] CIteratorStream_testEx.read_stream_toend_iterator_end (0 ms)
[ RUN      ] CIteratorStream_testEx.read_stream_start_toend_iterator_1
[       OK ] CIteratorStream_testEx.read_stream_start_toend_iterator_1 (0 ms)
[ RUN      ] CIteratorStream_testEx.read_stream_start_toend_iterator_2
[       OK ] CIteratorStream_testEx.read_stream_start_toend_iterator_2 (0 ms)
[ RUN      ] CIteratorStream_testEx.read_stream_start_toend_iterator_3
[       OK ] CIteratorStream_testEx.read_stream_start_toend_iterator_3 (0 ms)
[ RUN      ] CIteratorStream_testEx.read_stream_start_start_iterator_1
[       OK ] CIteratorStream_testEx.read_stream_start_start_iterator_1 (0 ms)
[ RUN      ] CIteratorStream_testEx.read_stream_start_start_iterator_2
[       OK ] CIteratorStream_testEx.read_stream_start_start_iterator_2 (0 ms)
[ RUN      ] CIteratorStream_testEx.read_stream_start_start_iterator_3
[       OK ] CIteratorStream_testEx.read_stream_start_start_iterator_3 (0 ms)
[ RUN      ] CIteratorStream_testEx.read_toend_iterator_start
[       OK ] CIteratorStream_testEx.read_toend_iterator_start (0 ms)
[ RUN      ] CIteratorStream_testEx.read_toend_iterator_end
[       OK ] CIteratorStream_testEx.read_toend_iterator_end (0 ms)
[ RUN      ] CIteratorStream_testEx.read_start_toend_iterator_1
[       OK ] CIteratorStream_testEx.read_start_toend_iterator_1 (0 ms)
[ RUN      ] CIteratorStream_testEx.read_start_toend_iterator_2
[       OK ] CIteratorStream_testEx.read_start_toend_iterator_2 (0 ms)
[ RUN      ] CIteratorStream_testEx.read_start_toend_iterator_3
[       OK ] CIteratorStream_testEx.read_start_toend_iterator_3 (0 ms)
[ RUN      ] CIteratorStream_testEx.read_start_start_iterator_1
[       OK ] CIteratorStream_testEx.read_start_start_iterator_1 (0 ms)
[ RUN      ] CIteratorStream_testEx.read_start_start_iterator_2
[       OK ] CIteratorStream_testEx.read_start_start_iterator_2 (0 ms)
[ RUN      ] CIteratorStream_testEx.read_start_start_iterator_3
[       OK ] CIteratorStream_testEx.read_start_start_iterator_3 (0 ms)
[----------] 31 tests from CIteratorStream_testEx (0 ms total)

[----------] 18 tests from CRAII_test
[ RUN      ] CRAII_test.base_reference
[       OK ] CRAII_test.base_reference (0 ms)
[ RUN      ] CRAII_test.base_pointer_counter
[       OK ] CRAII_test.base_pointer_counter (0 ms)
[ RUN      ] CRAII_test.base_pointer
[       OK ] CRAII_test.base_pointer (0 ms)
[ RUN      ] CRAII_test.base_void
[       OK ] CRAII_test.base_void (0 ms)
[ RUN      ] CRAII_test.lock_guard_ex_reference
[       OK ] CRAII_test.lock_guard_ex_reference (0 ms)
[ RUN      ] CRAII_test.lock_guard_ex_pointer
[       OK ] CRAII_test.lock_guard_ex_pointer (0 ms)
[ RUN      ] CRAII_test.force_lock_guard_ex_reference
[       OK ] CRAII_test.force_lock_guard_ex_reference (0 ms)
[ RUN      ] CRAII_test.force_lock_guard_ex_pointer
[       OK ] CRAII_test.force_lock_guard_ex_pointer (0 ms)
[ RUN      ] CRAII_test.set_values_raii
[       OK ] CRAII_test.set_values_raii (0 ms)
[ RUN      ] CRAII_test.set_values_raii_atomic
[       OK ] CRAII_test.set_values_raii_atomic (0 ms)
[ RUN      ] CRAII_test.thread_join_raii_empty
[       OK ] CRAII_test.thread_join_raii_empty (0 ms)
[ RUN      ] CRAII_test.thread_join_raii_pointer
[       OK ] CRAII_test.thread_join_raii_pointer (0 ms)
[ RUN      ] CRAII_test.thread_join_raii_pointer_notjoinable
[       OK ] CRAII_test.thread_join_raii_pointer_notjoinable (0 ms)
[ RUN      ] CRAII_test.thread_join_raii_lvalue
[       OK ] CRAII_test.thread_join_raii_lvalue (0 ms)
[ RUN      ] CRAII_test.thread_join_raii_lvalue_notjoinable
[       OK ] CRAII_test.thread_join_raii_lvalue_notjoinable (0 ms)
[ RUN      ] CRAII_test.thread_join_raii_rvalue
[       OK ] CRAII_test.thread_join_raii_rvalue (0 ms)
[ RUN      ] CRAII_test.thread_join_raii_rvalue_notjoinable
[       OK ] CRAII_test.thread_join_raii_rvalue_notjoinable (0 ms)
[ RUN      ] CRAII_test.dtor_raii
[       OK ] CRAII_test.dtor_raii (0 ms)
[----------] 18 tests from CRAII_test (1 ms total)

[----------] 11 tests from CTimerActive_test
[ RUN      ] CTimerActive_test.infinity_OnClose
[       OK ] CTimerActive_test.infinity_OnClose (0 ms)
[ RUN      ] CTimerActive_test.infinity_OnCheck
[       OK ] CTimerActive_test.infinity_OnCheck (6 ms)
[ RUN      ] CTimerActive_test.infinity_exception_OnClose
[       OK ] CTimerActive_test.infinity_exception_OnClose (0 ms)
[ RUN      ] CTimerActive_test.infinity_exception_OnCheck
[       OK ] CTimerActive_test.infinity_exception_OnCheck (7 ms)
[ RUN      ] CTimerActive_test.infinity_exception_second_true_OnCheck
[       OK ] CTimerActive_test.infinity_exception_second_true_OnCheck (1 ms)
[ RUN      ] CTimerActive_test.noninfinity_zero_OnClose
[       OK ] CTimerActive_test.noninfinity_zero_OnClose (0 ms)
[ RUN      ] CTimerActive_test.noninfinity_nonzero_OnClose
[       OK ] CTimerActive_test.noninfinity_nonzero_OnClose (0 ms)
[ RUN      ] CTimerActive_test.noninfinity_OnCheck
[       OK ] CTimerActive_test.noninfinity_OnCheck (5 ms)
[ RUN      ] CTimerActive_test.noninfinity_exception_OnClose
[       OK ] CTimerActive_test.noninfinity_exception_OnClose (0 ms)
[ RUN      ] CTimerActive_test.noninfinity_exception_OnCheck
[       OK ] CTimerActive_test.noninfinity_exception_OnCheck (5 ms)
[ RUN      ] CTimerActive_test.noninfinity_exception_second_true_OnCheck
[       OK ] CTimerActive_test.noninfinity_exception_second_true_OnCheck (6 ms)
[----------] 11 tests from CTimerActive_test (31 ms total)

[----------] 8 tests from CTimerPassive_test
[ RUN      ] CTimerPassive_test.only_create
[       OK ] CTimerPassive_test.only_create (0 ms)
[ RUN      ] CTimerPassive_test.check_false
[       OK ] CTimerPassive_test.check_false (0 ms)
[ RUN      ] CTimerPassive_test.check_reset_false
[       OK ] CTimerPassive_test.check_reset_false (0 ms)
[ RUN      ] CTimerPassive_test.check_reset_sleep
[       OK ] CTimerPassive_test.check_reset_sleep (130 ms)
[ RUN      ] CTimerPassive_test.check
[       OK ] CTimerPassive_test.check (1 ms)
[ RUN      ] CTimerPassive_test.check_check
[       OK ] CTimerPassive_test.check_check (2 ms)
[ RUN      ] CTimerPassive_test.check_reset
[       OK ] CTimerPassive_test.check_reset (1 ms)
[ RUN      ] CTimerPassive_test.check_reset_check
[       OK ] CTimerPassive_test.check_reset_check (3 ms)
[----------] 8 tests from CTimerPassive_test (137 ms total)

[----------] 4 tests from StreamFile_test
[ RUN      ] StreamFile_test.size
unknown file: Failure
C++ exception with description "IStream error: 'File stream error: 'Can't open file = '../test.txt'''" thrown in the test body.
[  FAILED  ] StreamFile_test.size (0 ms)
[ RUN      ] StreamFile_test.read_buffer_full
unknown file: Failure
C++ exception with description "IStream error: 'File stream error: 'Can't open file = '../test.txt'''" thrown in the test body.
[  FAILED  ] StreamFile_test.read_buffer_full (1 ms)
[ RUN      ] StreamFile_test.opt_size
unknown file: Failure
C++ exception with description "IStream error: 'File stream error: 'Can't open file = '../test.txt'''" thrown in the test body.
[  FAILED  ] StreamFile_test.opt_size (0 ms)
[ RUN      ] StreamFile_test.opt_read_buffer_full
unknown file: Failure
C++ exception with description "IStream error: 'File stream error: 'Can't open file = '../test.txt'''" thrown in the test body.
[  FAILED  ] StreamFile_test.opt_read_buffer_full (0 ms)
[----------] 4 tests from StreamFile_test (1 ms total)

[----------] 12 tests from StreamBuffer_testEx
[ RUN      ] StreamBuffer_testEx.size
[       OK ] StreamBuffer_testEx.size (0 ms)
[ RUN      ] StreamBuffer_testEx.read_buffer_full
[       OK ] StreamBuffer_testEx.read_buffer_full (0 ms)
[ RUN      ] StreamBuffer_testEx.read_buffer_fisrt_part
[       OK ] StreamBuffer_testEx.read_buffer_fisrt_part (0 ms)
[ RUN      ] StreamBuffer_testEx.read_buffer_second_part
[       OK ] StreamBuffer_testEx.read_buffer_second_part (0 ms)
[ RUN      ] StreamBuffer_testEx.read_buffer_big_size
[       OK ] StreamBuffer_testEx.read_buffer_big_size (0 ms)
[ RUN      ] StreamBuffer_testEx.read_stream_size_full
[       OK ] StreamBuffer_testEx.read_stream_size_full (0 ms)
[ RUN      ] StreamBuffer_testEx.read_stream_size_part
[       OK ] StreamBuffer_testEx.read_stream_size_part (0 ms)
[ RUN      ] StreamBuffer_testEx.read_stream_data_full
[       OK ] StreamBuffer_testEx.read_stream_data_full (0 ms)
[ RUN      ] StreamBuffer_testEx.read_stream_data_first_part
[       OK ] StreamBuffer_testEx.read_stream_data_first_part (0 ms)
[ RUN      ] StreamBuffer_testEx.read_stream_data_second_part
[       OK ] StreamBuffer_testEx.read_stream_data_second_part (0 ms)
[ RUN      ] StreamBuffer_testEx.read_stream_data_big_size
[       OK ] StreamBuffer_testEx.read_stream_data_big_size (0 ms)
[ RUN      ] StreamBuffer_testEx.write_linear_stream_write
[       OK ] StreamBuffer_testEx.write_linear_stream_write (0 ms)
[----------] 12 tests from StreamBuffer_testEx (0 ms total)

[----------] 6 tests from TLocking_test
[ RUN      ] TLocking_test.void_lock_unlock
[       OK ] TLocking_test.void_lock_unlock (0 ms)
[ RUN      ] TLocking_test.parameters_lvalue_ctor
[       OK ] TLocking_test.parameters_lvalue_ctor (0 ms)
[ RUN      ] TLocking_test.parameters_rvalue_ctor
[       OK ] TLocking_test.parameters_rvalue_ctor (0 ms)
[ RUN      ] TLocking_test.void_lock_other_thread
[       OK ] TLocking_test.void_lock_other_thread (0 ms)
[ RUN      ] TLocking_test.object_lock_unlock
[       OK ] TLocking_test.object_lock_unlock (0 ms)
[ RUN      ] TLocking_test.object_lock_other_thread
[       OK ] TLocking_test.object_lock_other_thread (0 ms)
[----------] 6 tests from TLocking_test (0 ms total)

[----------] 7 tests from TLockingEx_test
[ RUN      ] TLockingEx_test.void_lock_unlock
[       OK ] TLockingEx_test.void_lock_unlock (0 ms)
[ RUN      ] TLockingEx_test.parameters_lvalue_ctor
[       OK ] TLockingEx_test.parameters_lvalue_ctor (0 ms)
[ RUN      ] TLockingEx_test.parameters_rvalue_ctor
[       OK ] TLockingEx_test.parameters_rvalue_ctor (0 ms)
[ RUN      ] TLockingEx_test.void_lock_other_thread
[       OK ] TLockingEx_test.void_lock_other_thread (0 ms)
[ RUN      ] TLockingEx_test.object_lock_unlock
[       OK ] TLockingEx_test.object_lock_unlock (0 ms)
[ RUN      ] TLockingEx_test.object_lock_other_thread
[       OK ] TLockingEx_test.object_lock_other_thread (0 ms)
[ RUN      ] TLockingEx_test.object_exclock_lock_other_thread
[       OK ] TLockingEx_test.object_exclock_lock_other_thread (1 ms)
[----------] 7 tests from TLockingEx_test (2 ms total)

[----------] 10 tests from TLockingShared_test
[ RUN      ] TLockingShared_test.void_lock_unlock
[       OK ] TLockingShared_test.void_lock_unlock (0 ms)
[ RUN      ] TLockingShared_test.parameters_lvalue_ctor
[       OK ] TLockingShared_test.parameters_lvalue_ctor (0 ms)
[ RUN      ] TLockingShared_test.parameters_rvalue_ctor
[       OK ] TLockingShared_test.parameters_rvalue_ctor (0 ms)
[ RUN      ] TLockingShared_test.void_lock_other_thread
[       OK ] TLockingShared_test.void_lock_other_thread (0 ms)
[ RUN      ] TLockingShared_test.object_lock_unlock
[       OK ] TLockingShared_test.object_lock_unlock (0 ms)
[ RUN      ] TLockingShared_test.shared_shared
[       OK ] TLockingShared_test.shared_shared (0 ms)
[ RUN      ] TLockingShared_test.shared_nonshared
[       OK ] TLockingShared_test.shared_nonshared (0 ms)
[ RUN      ] TLockingShared_test.nonshared_shared
[       OK ] TLockingShared_test.nonshared_shared (0 ms)
[ RUN      ] TLockingShared_test.nonshared_shared_thread
[       OK ] TLockingShared_test.nonshared_shared_thread (0 ms)
[ RUN      ] TLockingShared_test.nonshared_shared_many_thread
[       OK ] TLockingShared_test.nonshared_shared_many_thread (1 ms)
[----------] 10 tests from TLockingShared_test (1 ms total)

[----------] 5 tests from TNotifier_test
[ RUN      ] TNotifier_test.void_empty
[       OK ] TNotifier_test.void_empty (0 ms)
[ RUN      ] TNotifier_test.parameters_lvalue_ctor
[       OK ] TNotifier_test.parameters_lvalue_ctor (0 ms)
[ RUN      ] TNotifier_test.parameters_rvalue_ctor
[       OK ] TNotifier_test.parameters_rvalue_ctor (0 ms)
[ RUN      ] TNotifier_test.void_notify_one
[       OK ] TNotifier_test.void_notify_one (0 ms)
[ RUN      ] TNotifier_test.void_notify_all
[       OK ] TNotifier_test.void_notify_all (1 ms)
[----------] 5 tests from TNotifier_test (1 ms total)

[----------] 3 tests from TSingleton_test
[ RUN      ] TSingleton_test.empty
[       OK ] TSingleton_test.empty (0 ms)
[ RUN      ] TSingleton_test.get_value
[       OK ] TSingleton_test.get_value (0 ms)
[ RUN      ] TSingleton_test.set_value
[       OK ] TSingleton_test.set_value (0 ms)
[----------] 3 tests from TSingleton_test (0 ms total)

[----------] 5 tests from Unicode
[ RUN      ] Unicode.ws2s
[       OK ] Unicode.ws2s (0 ms)
[ RUN      ] Unicode.s2ws
[       OK ] Unicode.s2ws (0 ms)
[ RUN      ] Unicode.s2ws2s
[       OK ] Unicode.s2ws2s (0 ms)
[ RUN      ] Unicode.ws2s2ws
[       OK ] Unicode.ws2s2ws (0 ms)
[ RUN      ] Unicode.ru2s
[       OK ] Unicode.ru2s (0 ms)
[----------] 5 tests from Unicode (0 ms total)

[----------] Global test environment tear-down
[==========] 179 tests from 15 test cases ran. (175 ms total)
[  PASSED  ] 175 tests.
[  FAILED  ] 4 tests, listed below:
[  FAILED  ] StreamFile_test.size
[  FAILED  ] StreamFile_test.read_buffer_full
[  FAILED  ] StreamFile_test.opt_size
[  FAILED  ] StreamFile_test.opt_read_buffer_full

 4 FAILED TESTS
<end of output>
Test time =   0.18 sec
----------------------------------------------------------
Test Failed.
"baseex_core" end time: Jun 04 22:09 MSK
"baseex_core" time elapsed: 00:00:00
----------------------------------------------------------

End testing: Jun 04 22:09 MSK
